<?xml version="1.0" encoding="UTF-8"?>
<coverage generated="1692325153735" clover="3.2.0">
  <project timestamp="1692325153735" name="All files">
    <metrics statements="13" coveredstatements="8" conditionals="0" coveredconditionals="0" methods="3" coveredmethods="3" elements="16" coveredelements="11" complexity="0" loc="13" ncloc="13" packages="1" files="2" classes="2"/>
    <file name="App.tsx" path="C:\Users\Pratik_Sarkar\Documents\React-Playground\react-testing\src\App.tsx">
      <metrics statements="8" coveredstatements="8" conditionals="0" coveredconditionals="0" methods="3" coveredmethods="3"/>
      <line num="1" count="1" type="stmt"/>
      <line num="2" count="1" type="stmt"/>
      <line num="3" count="1" type="stmt"/>
      <line num="4" count="1" type="stmt"/>
      <line num="7" count="4" type="stmt"/>
      <line num="9" count="4" type="stmt"/>
      <line num="21" count="2" type="stmt"/>
      <line num="35" count="1" type="stmt"/>
    </file>
    <file name="main.tsx" path="C:\Users\Pratik_Sarkar\Documents\React-Playground\react-testing\src\main.tsx">
      <metrics statements="5" coveredstatements="0" conditionals="0" coveredconditionals="0" methods="0" coveredmethods="0"/>
      <line num="1" count="0" type="stmt"/>
      <line num="2" count="0" type="stmt"/>
      <line num="3" count="0" type="stmt"/>
      <line num="4" count="0" type="stmt"/>
      <line num="6" count="0" type="stmt"/>
    </file>
  </project>
</coverage>
